#
# There is insufficient memory for the Java Runtime Environment to continue.
# Native memory allocation (mmap) failed to map 10737418240 bytes for committing reserved memory.
# Possible reasons:
#   The system is out of physical RAM or swap space
#   The process is running with CompressedOops enabled, and the Java Heap may be blocking the growth of the native heap
# Possible solutions:
#   Reduce memory load on the system
#   Increase physical memory or swap space
#   Check if swap backing store is full
#   Decrease Java heap size (-Xmx/-Xms)
#   Decrease number of Java threads
#   Decrease Java thread stack sizes (-Xss)
#   Set larger code cache with -XX:ReservedCodeCacheSize=
# This output file may be truncated or incomplete.
#
#  Out of Memory Error (os_linux.cpp:2922), pid=4586, tid=4587
#
# JRE version:  (11.0.10+9) (build )
# Java VM: OpenJDK 64-Bit Server VM (11.0.10+9-Ubuntu-0ubuntu1.18.04, mixed mode, sharing, tiered, compressed oops, g1 gc, linux-amd64)
# Core dump will be written. Default location: Core dumps may be processed with "/usr/share/apport/apport %p %s %c %d %P %E" (or dumping to /home/azureuser/core.4586)
#

---------------  S U M M A R Y ------------

Command Line: -Xms10G -Xmx10G -XX:+UseG1GC -XX:+ParallelRefProcEnabled -XX:MaxGCPauseMillis=200 -XX:+UnlockExperimentalVMOptions -XX:+DisableExplicitGC -XX:+AlwaysPreTouch -XX:G1NewSizePercent=30 -XX:G1MaxNewSizePercent=40 -XX:G1HeapRegionSize=8M -XX:G1ReservePercent=20 -XX:G1HeapWastePercent=5 -XX:G1MixedGCCountTarget=4 -XX:InitiatingHeapOccupancyPercent=15 -XX:G1MixedGCLiveThresholdPercent=90 -XX:G1RSetUpdatingPauseTimePercent=5 -XX:SurvivorRatio=32 -XX:+PerfDisableSharedMem -XX:MaxTenuringThreshold=1 -Dusing.aikars.flags=https://mcflags.emc.gs -Daikars.new.flags=true paper.jar nogui

Host: Intel(R) Xeon(R) CPU E5-2660 0 @ 2.20GHz, 2 cores, 3G, Ubuntu 18.04.5 LTS
Time: Sun Mar 14 04:15:49 2021 UTC elapsed time: 0.013761 seconds (0d 0h 0m 0s)

---------------  T H R E A D  ---------------

Current thread (0x00007f9278014800):  JavaThread "Unknown thread" [_thread_in_vm, id=4587, stack(0x00007f927eedb000,0x00007f927efdc000)]

Stack: [0x00007f927eedb000,0x00007f927efdc000],  sp=0x00007f927efda220,  free space=1020k
Native frames: (J=compiled Java code, A=aot compiled Java code, j=interpreted, Vv=VM code, C=native code)
V  [libjvm.so+0xeedcaa]
V  [libjvm.so+0xeee93b]
V  [libjvm.so+0x683655]
V  [libjvm.so+0xc176b8]
V  [libjvm.so+0xc0e0dd]
V  [libjvm.so+0x7a228f]
V  [libjvm.so+0x7a24fe]
V  [libjvm.so+0x7ae6b0]
V  [libjvm.so+0x82a869]
V  [libjvm.so+0x82b4c2]
V  [libjvm.so+0x82b929]
V  [libjvm.so+0x75fd1f]
V  [libjvm.so+0x76040d]
V  [libjvm.so+0xea8742]
V  [libjvm.so+0xea89f6]
V  [libjvm.so+0x84e0d7]
V  [libjvm.so+0xe7fddf]
V  [libjvm.so+0x909d51]  JNI_CreateJavaVM+0x51
C  [libjli.so+0x4c5f]
C  [libjli.so+0x949d]


---------------  P R O C E S S  ---------------

Threads class SMR info:
_java_thread_list=0x00005638a466a760, length=0, elements={
}

Java Threads: ( => current thread )

Other Threads:
  0x00007f927802d000 GCTaskThread "GC Thread#0" [stack: 0x00007f925fe5d000,0x00007f925ff5d000] [id=4588]
  0x00007f9278045000 ConcurrentGCThread "G1 Main Marker" [stack: 0x00007f9243f00000,0x00007f9244000000] [id=4589]
  0x00007f9278047000 ConcurrentGCThread "G1 Conc#0" [stack: 0x00007f9243dfe000,0x00007f9243efe000] [id=4590]

[error occurred during error reporting (printing all threads), id 0xb, SIGSEGV (0xb) at pc=0x00007f927d3ae160]

VM state:not at safepoint (not fully initialized)

VM Mutex/Monitor currently owned by a thread:  ([mutex/lock_event])
[0x00007f92780137f0] Heap_lock - owner thread: 0x00007f9278014800

Heap address: 0x0000000580000000, size: 10240 MB, Compressed Oops mode: Non-zero based: 0x0000000580000000
Narrow klass base: 0x0000000000000000, Narrow klass shift: 0

GC Heap History (0 events):
No events

Deoptimization events (0 events):
No events

Classes redefined (0 events):
No events

Internal exceptions (0 events):
No events

Events (2 events):
Event: 0.002 Protecting memory [0x00007f927eedb000,0x00007f927eedf000] with protection modes 0
Event: 0.002 Loaded shared library /usr/lib/jvm/java-11-openjdk-amd64/lib/libzip.so


Dynamic libraries:
5638a36ee000-5638a36ef000 r-xp 00000000 08:11 258664                     /usr/lib/jvm/java-11-openjdk-amd64/bin/java
5638a38ef000-5638a38f0000 r--p 00001000 08:11 258664                     /usr/lib/jvm/java-11-openjdk-amd64/bin/java
5638a38f0000-5638a38f1000 rw-p 00002000 08:11 258664                     /usr/lib/jvm/java-11-openjdk-amd64/bin/java
5638a4652000-5638a4673000 rw-p 00000000 00:00 0                          [heap]
7f9234000000-7f9234021000 rw-p 00000000 00:00 0 
7f9234021000-7f9238000000 ---p 00000000 00:00 0 
7f923c000000-7f923c021000 rw-p 00000000 00:00 0 
7f923c021000-7f9240000000 ---p 00000000 00:00 0 
7f9241bfa000-7f9243dfc000 rw-p 00000000 00:00 0 
7f9243dfc000-7f9243dfd000 ---p 00000000 00:00 0 
7f9243dfd000-7f9243efe000 rw-p 00000000 00:00 0 
7f9243efe000-7f9243eff000 ---p 00000000 00:00 0 
7f9243eff000-7f9244000000 rw-p 00000000 00:00 0 
7f9244000000-7f9258000000 ---p 00000000 00:00 0 
7f9258000000-7f9258021000 rw-p 00000000 00:00 0 
7f9258021000-7f925c000000 ---p 00000000 00:00 0 
7f925c059000-7f925fc59000 ---p 00000000 00:00 0 
7f925fc59000-7f925fe5b000 rw-p 00000000 00:00 0 
7f925fe5b000-7f925fe5c000 ---p 00000000 00:00 0 
7f925fe5c000-7f925ff62000 rw-p 00000000 00:00 0 
7f925ff62000-7f9260048000 ---p 00000000 00:00 0 
7f9260048000-7f92602b8000 rwxp 00000000 00:00 0 
7f92602b8000-7f92605d7000 ---p 00000000 00:00 0 
7f92605d7000-7f9260847000 rwxp 00000000 00:00 0 
7f9260847000-7f9267b0f000 ---p 00000000 00:00 0 
7f9267b0f000-7f9267d7f000 rwxp 00000000 00:00 0 
7f9267d7f000-7f926f048000 ---p 00000000 00:00 0 
7f926f048000-7f926f04f000 r-xp 00000000 08:11 258825                     /usr/lib/jvm/java-11-openjdk-amd64/lib/libzip.so
7f926f04f000-7f926f24e000 ---p 00007000 08:11 258825                     /usr/lib/jvm/java-11-openjdk-amd64/lib/libzip.so
7f926f24e000-7f926f24f000 r--p 00006000 08:11 258825                     /usr/lib/jvm/java-11-openjdk-amd64/lib/libzip.so
7f926f24f000-7f926f250000 rw-p 00007000 08:11 258825                     /usr/lib/jvm/java-11-openjdk-amd64/lib/libzip.so
7f926f250000-7f92779bf000 r--s 00000000 08:11 258826                     /usr/lib/jvm/java-11-openjdk-amd64/lib/modules
7f92779bf000-7f92779c4000 r-xp 00000000 08:11 258808                     /usr/lib/jvm/java-11-openjdk-amd64/lib/libjimage.so
7f92779c4000-7f9277bc3000 ---p 00005000 08:11 258808                     /usr/lib/jvm/java-11-openjdk-amd64/lib/libjimage.so
7f9277bc3000-7f9277bc4000 r--p 00004000 08:11 258808                     /usr/lib/jvm/java-11-openjdk-amd64/lib/libjimage.so
7f9277bc4000-7f9277bc5000 rw-p 00005000 08:11 258808                     /usr/lib/jvm/java-11-openjdk-amd64/lib/libjimage.so
7f9277bc5000-7f9277bee000 r-xp 00000000 08:11 258804                     /usr/lib/jvm/java-11-openjdk-amd64/lib/libjava.so
7f9277bee000-7f9277dee000 ---p 00029000 08:11 258804                     /usr/lib/jvm/java-11-openjdk-amd64/lib/libjava.so
7f9277dee000-7f9277def000 r--p 00029000 08:11 258804                     /usr/lib/jvm/java-11-openjdk-amd64/lib/libjava.so
7f9277def000-7f9277df0000 rw-p 0002a000 08:11 258804                     /usr/lib/jvm/java-11-openjdk-amd64/lib/libjava.so
7f9277df0000-7f9277df1000 rw-p 00000000 00:00 0 
7f9277df1000-7f9277dfe000 r-xp 00000000 08:11 258824                     /usr/lib/jvm/java-11-openjdk-amd64/lib/libverify.so
7f9277dfe000-7f9277ffd000 ---p 0000d000 08:11 258824                     /usr/lib/jvm/java-11-openjdk-amd64/lib/libverify.so
7f9277ffd000-7f9277fff000 r--p 0000c000 08:11 258824                     /usr/lib/jvm/java-11-openjdk-amd64/lib/libverify.so
7f9277fff000-7f9278000000 rw-p 0000e000 08:11 258824                     /usr/lib/jvm/java-11-openjdk-amd64/lib/libverify.so
7f9278000000-7f9278059000 rw-p 00000000 00:00 0 
7f9278059000-7f927c000000 ---p 00000000 00:00 0 
7f927c003000-7f927c008000 rw-p 00000000 00:00 0 
7f927c008000-7f927c0ee000 ---p 00000000 00:00 0 
7f927c0ee000-7f927c0f5000 r-xp 00000000 08:11 2224                       /lib/x86_64-linux-gnu/librt-2.27.so
7f927c0f5000-7f927c2f4000 ---p 00007000 08:11 2224                       /lib/x86_64-linux-gnu/librt-2.27.so
7f927c2f4000-7f927c2f5000 r--p 00006000 08:11 2224                       /lib/x86_64-linux-gnu/librt-2.27.so
7f927c2f5000-7f927c2f6000 rw-p 00007000 08:11 2224                       /lib/x86_64-linux-gnu/librt-2.27.so
7f927c2f6000-7f927c30d000 r-xp 00000000 08:11 2058                       /lib/x86_64-linux-gnu/libgcc_s.so.1
7f927c30d000-7f927c50c000 ---p 00017000 08:11 2058                       /lib/x86_64-linux-gnu/libgcc_s.so.1
7f927c50c000-7f927c50d000 r--p 00016000 08:11 2058                       /lib/x86_64-linux-gnu/libgcc_s.so.1
7f927c50d000-7f927c50e000 rw-p 00017000 08:11 2058                       /lib/x86_64-linux-gnu/libgcc_s.so.1
7f927c50e000-7f927c6ab000 r-xp 00000000 08:11 2175                       /lib/x86_64-linux-gnu/libm-2.27.so
7f927c6ab000-7f927c8aa000 ---p 0019d000 08:11 2175                       /lib/x86_64-linux-gnu/libm-2.27.so
7f927c8aa000-7f927c8ab000 r--p 0019c000 08:11 2175                       /lib/x86_64-linux-gnu/libm-2.27.so
7f927c8ab000-7f927c8ac000 rw-p 0019d000 08:11 2175                       /lib/x86_64-linux-gnu/libm-2.27.so
7f927c8ac000-7f927ca25000 r-xp 00000000 08:11 4758                       /usr/lib/x86_64-linux-gnu/libstdc++.so.6.0.25
7f927ca25000-7f927cc25000 ---p 00179000 08:11 4758                       /usr/lib/x86_64-linux-gnu/libstdc++.so.6.0.25
7f927cc25000-7f927cc2f000 r--p 00179000 08:11 4758                       /usr/lib/x86_64-linux-gnu/libstdc++.so.6.0.25
7f927cc2f000-7f927cc31000 rw-p 00183000 08:11 4758                       /usr/lib/x86_64-linux-gnu/libstdc++.so.6.0.25
7f927cc31000-7f927cc35000 rw-p 00000000 00:00 0 
7f927cc35000-7f927de2b000 r-xp 00000000 08:11 258831                     /usr/lib/jvm/java-11-openjdk-amd64/lib/server/libjvm.so
7f927de2b000-7f927e02a000 ---p 011f6000 08:11 258831                     /usr/lib/jvm/java-11-openjdk-amd64/lib/server/libjvm.so
7f927e02a000-7f927e0eb000 r--p 011f5000 08:11 258831                     /usr/lib/jvm/java-11-openjdk-amd64/lib/server/libjvm.so
7f927e0eb000-7f927e126000 rw-p 012b6000 08:11 258831                     /usr/lib/jvm/java-11-openjdk-amd64/lib/server/libjvm.so
7f927e126000-7f927e17d000 rw-p 00000000 00:00 0 
7f927e17d000-7f927e197000 r-xp 00000000 08:11 2222                       /lib/x86_64-linux-gnu/libpthread-2.27.so
7f927e197000-7f927e396000 ---p 0001a000 08:11 2222                       /lib/x86_64-linux-gnu/libpthread-2.27.so
7f927e396000-7f927e397000 r--p 00019000 08:11 2222                       /lib/x86_64-linux-gnu/libpthread-2.27.so
7f927e397000-7f927e398000 rw-p 0001a000 08:11 2222                       /lib/x86_64-linux-gnu/libpthread-2.27.so
7f927e398000-7f927e39c000 rw-p 00000000 00:00 0 
7f927e39c000-7f927e39f000 r-xp 00000000 08:11 2167                       /lib/x86_64-linux-gnu/libdl-2.27.so
7f927e39f000-7f927e59e000 ---p 00003000 08:11 2167                       /lib/x86_64-linux-gnu/libdl-2.27.so
7f927e59e000-7f927e59f000 r--p 00002000 08:11 2167                       /lib/x86_64-linux-gnu/libdl-2.27.so
7f927e59f000-7f927e5a0000 rw-p 00003000 08:11 2167                       /lib/x86_64-linux-gnu/libdl-2.27.so
7f927e5a0000-7f927e5bc000 r-xp 00000000 08:11 2163                       /lib/x86_64-linux-gnu/libz.so.1.2.11
7f927e5bc000-7f927e7bb000 ---p 0001c000 08:11 2163                       /lib/x86_64-linux-gnu/libz.so.1.2.11
7f927e7bb000-7f927e7bc000 r--p 0001b000 08:11 2163                       /lib/x86_64-linux-gnu/libz.so.1.2.11
7f927e7bc000-7f927e7bd000 rw-p 0001c000 08:11 2163                       /lib/x86_64-linux-gnu/libz.so.1.2.11
7f927e7bd000-7f927e9a4000 r-xp 00000000 08:11 2151                       /lib/x86_64-linux-gnu/libc-2.27.so
7f927e9a4000-7f927eba4000 ---p 001e7000 08:11 2151                       /lib/x86_64-linux-gnu/libc-2.27.so
7f927eba4000-7f927eba8000 r--p 001e7000 08:11 2151                       /lib/x86_64-linux-gnu/libc-2.27.so
7f927eba8000-7f927ebaa000 rw-p 001eb000 08:11 2151                       /lib/x86_64-linux-gnu/libc-2.27.so
7f927ebaa000-7f927ebae000 rw-p 00000000 00:00 0 
7f927ebae000-7f927ebbe000 r-xp 00000000 08:11 258788                     /usr/lib/jvm/java-11-openjdk-amd64/lib/jli/libjli.so
7f927ebbe000-7f927edbd000 ---p 00010000 08:11 258788                     /usr/lib/jvm/java-11-openjdk-amd64/lib/jli/libjli.so
7f927edbd000-7f927edbe000 r--p 0000f000 08:11 258788                     /usr/lib/jvm/java-11-openjdk-amd64/lib/jli/libjli.so
7f927edbe000-7f927edbf000 rw-p 00010000 08:11 258788                     /usr/lib/jvm/java-11-openjdk-amd64/lib/jli/libjli.so
7f927edbf000-7f927ede8000 r-xp 00000000 08:11 2070                       /lib/x86_64-linux-gnu/ld-2.27.so
7f927ee4b000-7f927eecc000 rw-p 00000000 00:00 0 
7f927eecc000-7f927eed3000 ---p 00000000 00:00 0 
7f927eed3000-7f927eedb000 rw-p 00000000 00:00 0 
7f927eedb000-7f927eedf000 ---p 00000000 00:00 0 
7f927eedf000-7f927efde000 rw-p 00000000 00:00 0 
7f927efe2000-7f927efe4000 r--s 00007000 08:11 86488                      /usr/share/java/java-atk-wrapper.jar
7f927efe4000-7f927efe5000 ---p 00000000 00:00 0 
7f927efe5000-7f927efe6000 r--p 00000000 00:00 0 
7f927efe6000-7f927efe8000 rw-p 00000000 00:00 0 
7f927efe8000-7f927efe9000 r--p 00029000 08:11 2070                       /lib/x86_64-linux-gnu/ld-2.27.so
7f927efe9000-7f927efea000 rw-p 0002a000 08:11 2070                       /lib/x86_64-linux-gnu/ld-2.27.so
7f927efea000-7f927efeb000 rw-p 00000000 00:00 0 
7ffcb818b000-7ffcb81ac000 rw-p 00000000 00:00 0                          [stack]
7ffcb81c9000-7ffcb81cc000 r--p 00000000 00:00 0                          [vvar]
7ffcb81cc000-7ffcb81cd000 r-xp 00000000 00:00 0                          [vdso]
ffffffffff600000-ffffffffff601000 r-xp 00000000 00:00 0                  [vsyscall]


VM Arguments:
jvm_args: -Xms10G -Xmx10G -XX:+UseG1GC -XX:+ParallelRefProcEnabled -XX:MaxGCPauseMillis=200 -XX:+UnlockExperimentalVMOptions -XX:+DisableExplicitGC -XX:+AlwaysPreTouch -XX:G1NewSizePercent=30 -XX:G1MaxNewSizePercent=40 -XX:G1HeapRegionSize=8M -XX:G1ReservePercent=20 -XX:G1HeapWastePercent=5 -XX:G1MixedGCCountTarget=4 -XX:InitiatingHeapOccupancyPercent=15 -XX:G1MixedGCLiveThresholdPercent=90 -XX:G1RSetUpdatingPauseTimePercent=5 -XX:SurvivorRatio=32 -XX:+PerfDisableSharedMem -XX:MaxTenuringThreshold=1 -Dusing.aikars.flags=https://mcflags.emc.gs -Daikars.new.flags=true 
java_command: paper.jar nogui
java_class_path (initial): paper.jar
Launcher Type: SUN_STANDARD

[Global flags]
     bool AlwaysPreTouch                           = true                                      {product} {command line}
     bool AlwaysTenure                             = false                                     {product} {command line}
     intx CICompilerCount                          = 2                                         {product} {ergonomic}
     uint ConcGCThreads                            = 1                                         {product} {ergonomic}
     bool DisableExplicitGC                        = true                                      {product} {command line}
     uint G1ConcRefinementThreads                  = 2                                         {product} {ergonomic}
   size_t G1HeapRegionSize                         = 8388608                                   {product} {command line}
    uintx G1HeapWastePercent                       = 5                                         {product} {command line}
    uintx G1MaxNewSizePercent                      = 40                                   {experimental} {command line}
    uintx G1MixedGCCountTarget                     = 4                                         {product} {command line}
    uintx G1MixedGCLiveThresholdPercent            = 90                                   {experimental} {command line}
    uintx G1NewSizePercent                         = 30                                   {experimental} {command line}
     intx G1RSetUpdatingPauseTimePercent           = 5                                         {product} {command line}
    uintx G1ReservePercent                         = 20                                        {product} {command line}
    uintx GCDrainStackTargetSize                   = 64                                        {product} {ergonomic}
   size_t InitialHeapSize                          = 10737418240                               {product} {command line}
    uintx InitialTenuringThreshold                 = 1                                         {product} {ergonomic}
    uintx InitiatingHeapOccupancyPercent           = 15                                        {product} {command line}
   size_t MarkStackSize                            = 4194304                                   {product} {ergonomic}
    uintx MaxGCPauseMillis                         = 200                                       {product} {command line}
   size_t MaxHeapSize                              = 10737418240                               {product} {command line}
    uintx MaxTenuringThreshold                     = 1                                         {product} {command line}
   size_t MinHeapDeltaBytes                        = 8388608                                   {product} {ergonomic}
     bool NeverTenure                              = false                                     {product} {command line}
    uintx NonNMethodCodeHeapSize                   = 5825164                                {pd product} {ergonomic}
    uintx NonProfiledCodeHeapSize                  = 122916538                              {pd product} {ergonomic}
     bool ParallelRefProcEnabled                   = true                                      {product} {command line}
     bool PerfDisableSharedMem                     = true                                      {product} {command line}
    uintx ProfiledCodeHeapSize                     = 122916538                              {pd product} {ergonomic}
    uintx ReservedCodeCacheSize                    = 251658240                              {pd product} {ergonomic}
     bool SegmentedCodeCache                       = true                                      {product} {ergonomic}
    uintx SurvivorRatio                            = 32                                        {product} {command line}
     bool UnlockExperimentalVMOptions              = true                                 {experimental} {command line}
     bool UseCompressedClassPointers               = true                                 {lp64_product} {ergonomic}
     bool UseCompressedOops                        = true                                 {lp64_product} {ergonomic}
     bool UseG1GC                                  = true                                      {product} {command line}

Logging:
Log output configuration:
 #0: stdout all=warning uptime,level,tags
 #1: stderr all=off uptime,level,tags

Environment Variables:
PATH=/usr/local/sbin:/usr/local/bin:/usr/sbin:/usr/bin:/sbin:/bin:/usr/games:/usr/local/games:/snap/bin
SHELL=/bin/bash
LANG=C.UTF-8

Signal Handlers:
SIGSEGV: [libjvm.so+0xeef6f0], sa_mask[0]=11111111011111111101111111111110, sa_flags=SA_RESTART|SA_SIGINFO
SIGBUS: [libjvm.so+0xeef6f0], sa_mask[0]=11111111011111111101111111111110, sa_flags=SA_RESTART|SA_SIGINFO
SIGFPE: [libjvm.so+0xeef6f0], sa_mask[0]=11111111011111111101111111111110, sa_flags=SA_RESTART|SA_SIGINFO
SIGPIPE: [libjvm.so+0xc12a00], sa_mask[0]=11111111011111111101111111111110, sa_flags=SA_RESTART|SA_SIGINFO
SIGXFSZ: [libjvm.so+0xc12a00], sa_mask[0]=11111111011111111101111111111110, sa_flags=SA_RESTART|SA_SIGINFO
SIGILL: [libjvm.so+0xeef6f0], sa_mask[0]=11111111011111111101111111111110, sa_flags=SA_RESTART|SA_SIGINFO
SIGUSR2: [libjvm.so+0xc128a0], sa_mask[0]=00000000000000000000000000000000, sa_flags=SA_RESTART|SA_SIGINFO
SIGHUP: SIG_DFL, sa_mask[0]=00000000000000000000000000000000, sa_flags=none
SIGINT: SIG_DFL, sa_mask[0]=00000000000000000000000000000000, sa_flags=none
SIGTERM: SIG_DFL, sa_mask[0]=00000000000000000000000000000000, sa_flags=none
SIGQUIT: SIG_DFL, sa_mask[0]=00000000000000000000000000000000, sa_flags=none


---------------  S Y S T E M  ---------------

OS:DISTRIB_ID=Ubuntu
DISTRIB_RELEASE=18.04
DISTRIB_CODENAME=bionic
DISTRIB_DESCRIPTION="Ubuntu 18.04.5 LTS"
uname:Linux 5.4.0-1040-azure #42~18.04.1-Ubuntu SMP Mon Feb 8 19:05:32 UTC 2021 x86_64
OS uptime: 0 days 0:09 hours
libc:glibc 2.27 NPTL 2.27 
rlimit (soft/hard): STACK 8192k/infinity , CORE 0k/infinity , NPROC 15600/15600 , NOFILE 1048576/1048576 , AS infinity/infinity , CPU infinity/infinity , DATA infinity/infinity , FSIZE infinity/infinity , MEMLOCK 65536k/65536k
load average:0.26 0.43 0.23

/proc/meminfo:
MemTotal:        4030860 kB
MemFree:         2973588 kB
MemAvailable:    3617092 kB
Buffers:           37028 kB
Cached:           792036 kB
SwapCached:            0 kB
Active:           455876 kB
Inactive:         452384 kB
Active(anon):      79584 kB
Inactive(anon):      288 kB
Active(file):     376292 kB
Inactive(file):   452096 kB
Unevictable:           0 kB
Mlocked:               0 kB
SwapTotal:             0 kB
SwapFree:              0 kB
Dirty:               108 kB
Writeback:             0 kB
AnonPages:         79192 kB
Mapped:            44376 kB
Shmem:               684 kB
KReclaimable:      56644 kB
Slab:             100964 kB
SReclaimable:      56644 kB
SUnreclaim:        44320 kB
KernelStack:        2360 kB
PageTables:         4312 kB
NFS_Unstable:          0 kB
Bounce:                0 kB
WritebackTmp:          0 kB
CommitLimit:     2015428 kB
Committed_AS:     309552 kB
VmallocTotal:   34359738367 kB
VmallocUsed:       25640 kB
VmallocChunk:          0 kB
Percpu:             1224 kB
HardwareCorrupted:     0 kB
AnonHugePages:      4096 kB
ShmemHugePages:        0 kB
ShmemPmdMapped:        0 kB
FileHugePages:         0 kB
FilePmdMapped:         0 kB
CmaTotal:              0 kB
CmaFree:               0 kB
HugePages_Total:       0
HugePages_Free:        0
HugePages_Rsvd:        0
HugePages_Surp:        0
Hugepagesize:       2048 kB
Hugetlb:               0 kB
DirectMap4k:       94144 kB
DirectMap2M:     3051520 kB
DirectMap1G:     3145728 kB

/sys/kernel/mm/transparent_hugepage/enabled:
[always] madvise never
/sys/kernel/mm/transparent_hugepage/defrag (defrag/compaction efforts parameter):
always defer defer+madvise [madvise] never

/proc/sys/kernel/threads-max (system-wide limit on the number of threads):
31200
/proc/sys/vm/max_map_count (maximum number of memory map areas a process may have):
65530
/proc/sys/kernel/pid_max (system-wide limit on number of process identifiers):
32768

container (cgroup) information:
container_type: cgroupv1
cpu_cpuset_cpus: 0-1
cpu_memory_nodes: 0
active_processor_count: 2
cpu_quota: -1
cpu_period: 100000
cpu_shares: -1
memory_limit_in_bytes: -1
memory_and_swap_limit_in_bytes: -2
memory_soft_limit_in_bytes: -1
memory_usage_in_bytes: 693403648
memory_max_usage_in_bytes: 809668608

Hyper-V virtualization detected
Steal ticks since vm start: 0
Steal ticks percentage since vm start:  0.000

CPU:total 2 (initial active 2) (2 cores per cpu, 1 threads per core) family 6 model 45 stepping 7 microcode 0xffffffff, cmov, cx8, fxsr, mmx, sse, sse2, sse3, ssse3, sse4.1, sse4.2, popcnt, avx, aes, clmul, tsc
CPU Model and flags from /proc/cpuinfo:
model name	: Intel(R) Xeon(R) CPU E5-2660 0 @ 2.20GHz
flags		: fpu vme de pse tsc msr pae mce cx8 apic sep mtrr pge mca cmov pat pse36 clflush mmx fxsr sse sse2 ss ht syscall nx pdpe1gb rdtscp lm constant_tsc rep_good nopl xtopology cpuid pni pclmulqdq ssse3 cx16 pcid sse4_1 sse4_2 popcnt aes xsave avx hypervisor lahf_lm pti xsaveopt
Online cpus:
0-1
Offline cpus:

BIOS frequency limitation:
<Not Available>
Frequency switch latency (ns):
<Not Available>
Available cpu frequencies:
<Not Available>
Current governor:
<Not Available>
Core performance/turbo boost:
<Not Available>

Memory: 4k page, physical 4030860k(2973588k free), swap 0k(0k free)

vm_info: OpenJDK 64-Bit Server VM (11.0.10+9-Ubuntu-0ubuntu1.18.04) for linux-amd64 JRE (11.0.10+9-Ubuntu-0ubuntu1.18.04), built on Jan 20 2021 02:32:18 by "unknown" with gcc 7.5.0

END.
